Compiled jquery.js  (2ms)  (pid 14518)
Compiled jquery_ujs.js  (0ms)  (pid 14518)
Compiled twitter/bootstrap/bootstrap-transition.js  (0ms)  (pid 14518)
Compiled twitter/bootstrap/bootstrap-alert.js  (0ms)  (pid 14518)
Compiled twitter/bootstrap/bootstrap-modal.js  (0ms)  (pid 14518)
Compiled twitter/bootstrap/bootstrap-dropdown.js  (0ms)  (pid 14518)
Compiled twitter/bootstrap/bootstrap-scrollspy.js  (0ms)  (pid 14518)
Compiled twitter/bootstrap/bootstrap-tab.js  (0ms)  (pid 14518)
Compiled twitter/bootstrap/bootstrap-tooltip.js  (0ms)  (pid 14518)
Compiled twitter/bootstrap/bootstrap-popover.js  (0ms)  (pid 14518)
Compiled twitter/bootstrap/bootstrap-button.js  (0ms)  (pid 14518)
Compiled twitter/bootstrap/bootstrap-collapse.js  (0ms)  (pid 14518)
Compiled twitter/bootstrap/bootstrap-carousel.js  (0ms)  (pid 14518)
Compiled twitter/bootstrap/bootstrap-typeahead.js  (0ms)  (pid 14518)
Compiled twitter/bootstrap/bootstrap-affix.js  (0ms)  (pid 14518)
Compiled twitter/bootstrap.js  (159ms)  (pid 14518)
Compiled bootstrap.js  (105ms)  (pid 14518)
Compiled memberships.js  (1ms)  (pid 14518)
Compiled messages.js  (1ms)  (pid 14518)
Compiled organizations.js  (0ms)  (pid 14518)
Compiled password_resets.js  (2ms)  (pid 14518)
Compiled projects.js  (0ms)  (pid 14518)
Compiled sessions.js  (1ms)  (pid 14518)
Compiled static_pages.js  (1ms)  (pid 14518)
Compiled users.js  (0ms)  (pid 14518)
Compiled application.js  (552ms)  (pid 14518)
Compiled jquery.js  (3ms)  (pid 15743)
Compiled jquery_ujs.js  (0ms)  (pid 15743)
Compiled twitter/bootstrap/bootstrap-transition.js  (0ms)  (pid 15743)
Compiled twitter/bootstrap/bootstrap-alert.js  (0ms)  (pid 15743)
Compiled twitter/bootstrap/bootstrap-modal.js  (0ms)  (pid 15743)
Compiled twitter/bootstrap/bootstrap-dropdown.js  (0ms)  (pid 15743)
Compiled twitter/bootstrap/bootstrap-scrollspy.js  (0ms)  (pid 15743)
Compiled twitter/bootstrap/bootstrap-tab.js  (0ms)  (pid 15743)
Compiled twitter/bootstrap/bootstrap-tooltip.js  (0ms)  (pid 15743)
Compiled twitter/bootstrap/bootstrap-popover.js  (0ms)  (pid 15743)
Compiled twitter/bootstrap/bootstrap-button.js  (0ms)  (pid 15743)
Compiled twitter/bootstrap/bootstrap-collapse.js  (0ms)  (pid 15743)
Compiled twitter/bootstrap/bootstrap-carousel.js  (0ms)  (pid 15743)
Compiled twitter/bootstrap/bootstrap-typeahead.js  (0ms)  (pid 15743)
Compiled twitter/bootstrap/bootstrap-affix.js  (0ms)  (pid 15743)
Compiled twitter/bootstrap.js  (226ms)  (pid 15743)
Compiled bootstrap.js  (104ms)  (pid 15743)
Compiled memberships.js  (1ms)  (pid 15743)
Compiled messages.js  (0ms)  (pid 15743)
Compiled organizations.js  (1ms)  (pid 15743)
Compiled password_resets.js  (1ms)  (pid 15743)
Compiled projects.js  (0ms)  (pid 15743)
Compiled sessions.js  (1ms)  (pid 15743)
Compiled static_pages.js  (2ms)  (pid 15743)
Compiled users.js  (1ms)  (pid 15743)
Compiled application.js  (530ms)  (pid 15743)
